============CS422: Assignment 1================
===============================================
MyPinTool analysis results: 
Part-A: 
Total Number of instructions: 44000000000
Number of instructions executed: 1000000000
Number of Load Operations: 371235113
Number of Store Operations: 229791059
Number of NOP Instructions: 802402
Number of Direct Call Instructions: 21327724
Number of Indirect Call Instructions: 3689258
Number of Return Call Instructions: 0
Number of Unconditional Branch Instructions: 47206648
Number of Conditional Branch Instructions: 117335261
Number of Logical Instructions: 60009435
Number of Rotate and Shift Instructions: 7139688
Number of Flag Instructions: 20159884
Number of Vector Instructions: 0
Number of Conditional move Instructions: 0
Number of MMX and SSE Instructions: 0
Number of System Call Instructions: 0
Number of Floating point Instructions: 96963593
Number of Other Instructions: 625366107
===============================================
Part-B: 
Number of Cycles executed: 31051308600
CPI: 31.0513
===============================================
Part-C: 
Instruction Footprint: 28480
Data Footprint: 14725248
Memory Footprint: 14753728
===============================================
Part-D: 
1. Distribution of length instruction
Instruction length 1 = 154578788
Instruction length 2 = 308551284
Instruction length 3 = 382074539
Instruction length 4 = 34347869
Instruction length 5 = 45117273
Instruction length 6 = 48822856
Instruction length 7 = 26506970
Instruction length 8 = 0
Instruction length 9 = 0
Instruction length 10 = 421
Instruction length 11 = 0
2. Distribution of Number of Operands
Operands 0 = 802402
Operands 1 = 225879
Operands 2 = 518294392
Operands 3 = 281743924
Operands 4 = 172763915
Operands 5 = 25030573
Operands 6 = 1138915
Operands 7 = 0
3. Distribution of Register Read operations
Read Operations 0 = 8235024
Read Operations 1 = 212733770
Read Operations 2 = 507453829
Read Operations 3 = 247351508
Read Operations 4 = 19400343
Read Operations 5 = 3686611
Read Operations 6 = 1138915
Read Operations 7 = 0
4. Distribution of Register Write operations
Write Operations 0 = 134695236
Write Operations 1 = 639969624
Write Operations 2 = 213737946
Write Operations 3 = 10458279
Write Operations 4 = 1138915
Write Operations 5 = 0
5. Distribution of number of memory operands
Write Operations 0 = 449250170
Write Operations 1 = 542984706
Write Operations 2 = 7765124
Write Operations 3 = 0
6. Distribution of number of memory read operands
Read Operations 0 = 661700937
Read Operations 1 = 337160148
Read Operations 2 = 1138915
Read Operations 3 = 0
7. Distribution of number memory write operands
Write Operations 0 = 780923024
Write Operations 1 = 219076976
Write Operations 2 = 0
8. Maximum Number of memory bytes touched : 8
8. Average Number of memory bytes touched : 4
9. Maximum values of the immediate field in an instruction : 2147483647
9. Minimum values of the immediate field in an instruction : -2092037281
10. Maximum values of the displacement field : 136090116
10. Minimum values of the displacement field : -104
===============================================
Number of basic blocks: 12540467271
Number of threads: 1
===============================================
